生成启动时间为 2020/3/10/星期二 15:47:56。
     1>项目“D:\visual 实验\Exp5\Exp5\Exp5.vcxproj”在节点 2 上(build 个目标)。
     1>InitializeBuildStatus:
         正在创建“Debug\Exp5.unsuccessfulbuild”，因为已指定“AlwaysCreate”。
       ClCompile:
         所有输出均为最新。
         所有输出均为最新。
       ResourceCompile:
         所有输出均为最新。
       ManifestResourceCompile:
         所有输出均为最新。
       Link:
         c:\Program Files (x86)\Microsoft Visual Studio 10.0\VC\bin\link.exe /ERRORREPORT:PROMPT /OUT:"D:\visual 实验\Exp5\Debug\Exp5.exe" /INCREMENTAL /NOLOGO /MANIFEST /ManifestFile:"Debug\Exp5.exe.intermediate.manifest" /MANIFESTUAC:"level='asInvoker' uiAccess='false'" /DEBUG /PDB:"D:\visual 实验\Exp5\Debug\Exp5.pdb" /SUBSYSTEM:WINDOWS /TLBID:1 /ENTRY:"wWinMainCRTStartup" /DYNAMICBASE /NXCOMPAT /IMPLIB:"D:\visual 实验\Exp5\Debug\Exp5.lib" /MACHINE:X86 Debug\Exp5.res
         Debug\Exp5.exe.embed.manifest.res
         Debug\Exp5.obj
         Debug\Exp5Doc.obj
         Debug\Exp5View.obj
         Debug\MainFrm.obj
         Debug\stdafx.obj
       Manifest:
         c:\Program Files (x86)\Microsoft SDKs\Windows\v7.0A\bin\mt.exe /nologo /verbose /out:"Debug\Exp5.exe.embed.manifest" /manifest Debug\Exp5.exe.intermediate.manifest "c:\Program Files (x86)\Microsoft Visual Studio 10.0\VC\Include\Manifest\dpiaware.manifest"
         所有输出均为最新。
       LinkEmbedManifest:
         所有输出均为最新。
         Exp5.vcxproj -> D:\visual 实验\Exp5\Debug\Exp5.exe
       FinalizeBuildStatus:
         正在删除文件“Debug\Exp5.unsuccessfulbuild”。
         正在对“Debug\Exp5.lastbuildstate”执行 Touch 任务。
     1>已完成生成项目“D:\visual 实验\Exp5\Exp5\Exp5.vcxproj”(build 个目标)的操作。

生成成功。

已用时间 00:00:02.09
