生成启动时间为 2020/3/24/星期二 15:17:41。
     1>项目“D:\ZXYproject\MFC2-3.24显示位图\MFC2-3.24显示位图\MFC2-3.24显示位图.vcxproj”在节点 2 上(build 个目标)。
     1>InitializeBuildStatus:
         正在对“Debug\MFC2-3.24显示位图.unsuccessfulbuild”执行 Touch 任务。
       ClCompile:
         所有输出均为最新。
         所有输出均为最新。
       ResourceCompile:
         所有输出均为最新。
       ManifestResourceCompile:
         所有输出均为最新。
       Link:
         c:\Program Files (x86)\Microsoft Visual Studio 10.0\VC\bin\link.exe /ERRORREPORT:PROMPT /OUT:"D:\ZXYproject\MFC2-3.24显示位图\Debug\MFC2-3.24显示位图.exe" /INCREMENTAL /NOLOGO /MANIFEST /ManifestFile:"Debug\MFC2-3.24显示位图.exe.intermediate.manifest" /MANIFESTUAC:"level='asInvoker' uiAccess='false'" /DEBUG /PDB:"D:\ZXYproject\MFC2-3.24显示位图\Debug\MFC2-3.24显示位图.pdb" /SUBSYSTEM:WINDOWS /TLBID:1 /ENTRY:"wWinMainCRTStartup" /DYNAMICBASE /NXCOMPAT /IMPLIB:"D:\ZXYproject\MFC2-3.24显示位图\Debug\MFC2-3.24显示位图.lib" /MACHINE:X86 "Debug\MFC2-3.24显示位图.res"
         "Debug\MFC2-3.24显示位图.exe.embed.manifest.res"
         Debug\MainFrm.obj
         "Debug\MFC2-3.24显示位图.obj"
         "Debug\MFC2-3.24显示位图Doc.obj"
         "Debug\MFC2-3.24显示位图View.obj"
         Debug\stdafx.obj
       Manifest:
         c:\Program Files (x86)\Microsoft SDKs\Windows\v7.0A\bin\mt.exe /nologo /verbose /out:"Debug\MFC2-3.24显示位图.exe.embed.manifest" /manifest "Debug\MFC2-3.24显示位图.exe.intermediate.manifest" "c:\Program Files (x86)\Microsoft Visual Studio 10.0\VC\Include\Manifest\dpiaware.manifest"
         所有输出均为最新。
       LinkEmbedManifest:
         所有输出均为最新。
         MFC2-3.24显示位图.vcxproj -> D:\ZXYproject\MFC2-3.24显示位图\Debug\MFC2-3.24显示位图.exe
       FinalizeBuildStatus:
         正在删除文件“Debug\MFC2-3.24显示位图.unsuccessfulbuild”。
         正在对“Debug\MFC2-3.24显示位图.lastbuildstate”执行 Touch 任务。
     1>已完成生成项目“D:\ZXYproject\MFC2-3.24显示位图\MFC2-3.24显示位图\MFC2-3.24显示位图.vcxproj”(build 个目标)的操作。

生成成功。

已用时间 00:00:00.52
