生成启动时间为 2020/5/05/星期二 16:12:28。
     1>项目“D:\ZXYproject\MFC3.31（1）\MFC3.31（1）\MFC3.31（1）.vcxproj”在节点 2 上(build 个目标)。
     1>InitializeBuildStatus:
         正在创建“Debug\MFC3.31（1）.unsuccessfulbuild”，因为已指定“AlwaysCreate”。
       ClCompile:
         所有输出均为最新。
         所有输出均为最新。
       ResourceCompile:
         所有输出均为最新。
       ManifestResourceCompile:
         所有输出均为最新。
       Link:
         c:\Program Files (x86)\Microsoft Visual Studio 10.0\VC\bin\link.exe /ERRORREPORT:PROMPT /OUT:"D:\ZXYproject\MFC3.31（1）\Debug\MFC3.31（1）.exe" /INCREMENTAL /NOLOGO /MANIFEST /ManifestFile:"Debug\MFC3.31（1）.exe.intermediate.manifest" /MANIFESTUAC:"level='asInvoker' uiAccess='false'" /DEBUG /PDB:"D:\ZXYproject\MFC3.31（1）\Debug\MFC3.31（1）.pdb" /SUBSYSTEM:WINDOWS /TLBID:1 /ENTRY:"wWinMainCRTStartup" /DYNAMICBASE /NXCOMPAT /IMPLIB:"D:\ZXYproject\MFC3.31（1）\Debug\MFC3.31（1）.lib" /MACHINE:X86 "Debug\MFC3.31（1）.res"
         "Debug\MFC3.31（1）.exe.embed.manifest.res"
         Debug\MainFrm.obj
         "Debug\MFC3.31（1）.obj"
         "Debug\MFC3.31（1）Doc.obj"
         "Debug\MFC3.31（1）View.obj"
         Debug\stdafx.obj
       Manifest:
         c:\Program Files (x86)\Microsoft SDKs\Windows\v7.0A\bin\mt.exe /nologo /verbose /out:"Debug\MFC3.31（1）.exe.embed.manifest" /manifest "Debug\MFC3.31（1）.exe.intermediate.manifest" "c:\Program Files (x86)\Microsoft Visual Studio 10.0\VC\Include\Manifest\dpiaware.manifest"
         所有输出均为最新。
       LinkEmbedManifest:
         所有输出均为最新。
         MFC3.31（1）.vcxproj -> D:\ZXYproject\MFC3.31（1）\Debug\MFC3.31（1）.exe
       FinalizeBuildStatus:
         正在删除文件“Debug\MFC3.31（1）.unsuccessfulbuild”。
         正在对“Debug\MFC3.31（1）.lastbuildstate”执行 Touch 任务。
     1>已完成生成项目“D:\ZXYproject\MFC3.31（1）\MFC3.31（1）\MFC3.31（1）.vcxproj”(build 个目标)的操作。

生成成功。

已用时间 00:00:00.54
