生成启动时间为 2020/3/24/星期二 14:37:50。
     1>项目“D:\ZXYproject\MFC1-3.24\MFC1-3.24\MFC1-3.24.vcxproj”在节点 2 上(build 个目标)。
     1>InitializeBuildStatus:
         正在创建“Debug\MFC1-3.24.unsuccessfulbuild”，因为已指定“AlwaysCreate”。
       ClCompile:
         c:\Program Files (x86)\Microsoft Visual Studio 10.0\VC\bin\CL.exe /c /ZI /nologo /W3 /WX- /Od /Oy- /D WIN32 /D _WINDOWS /D _DEBUG /D _UNICODE /D UNICODE /D _AFXDLL /Gm /EHsc /RTC1 /MDd /GS /fp:precise /Zc:wchar_t /Zc:forScope /Yc"StdAfx.h" /Fp"Debug\MFC1-3.24.pch" /Fo"Debug\\" /Fd"Debug\vc100.pdb" /Gd /TP /analyze- /errorReport:prompt stdafx.cpp
         stdafx.cpp
         c:\Program Files (x86)\Microsoft Visual Studio 10.0\VC\bin\CL.exe /c /ZI /nologo /W3 /WX- /Od /Oy- /D WIN32 /D _WINDOWS /D _DEBUG /D _UNICODE /D UNICODE /D _AFXDLL /Gm /EHsc /RTC1 /MDd /GS /fp:precise /Zc:wchar_t /Zc:forScope /Yu"StdAfx.h" /Fp"Debug\MFC1-3.24.pch" /Fo"Debug\\" /Fd"Debug\vc100.pdb" /Gd /TP /analyze- /errorReport:prompt MainFrm.cpp "MFC1-3.24.cpp" "MFC1-3.24Doc.cpp" "MFC1-3.24View.cpp"
         MFC1-3.24View.cpp
         MFC1-3.24Doc.cpp
         MFC1-3.24.cpp
         MainFrm.cpp
         正在生成代码...
       ResourceCompile:
         c:\Program Files (x86)\Microsoft SDKs\Windows\v7.0A\bin\rc.exe /D _DEBUG /D _UNICODE /D UNICODE /D _AFXDLL /l"0x0804" /IDebug\ /nologo /fo"Debug\MFC1-3.24.res" MFC1-3.24.rc 
       ManifestResourceCompile:
         c:\Program Files (x86)\Microsoft SDKs\Windows\v7.0A\bin\rc.exe /nologo /fo"Debug\MFC1-3.24.exe.embed.manifest.res" Debug\MFC1-3.24_manifest.rc 
       Link:
         c:\Program Files (x86)\Microsoft Visual Studio 10.0\VC\bin\link.exe /ERRORREPORT:PROMPT /OUT:"D:\ZXYproject\MFC1-3.24\Debug\MFC1-3.24.exe" /INCREMENTAL /NOLOGO /MANIFEST /ManifestFile:"Debug\MFC1-3.24.exe.intermediate.manifest" /MANIFESTUAC:"level='asInvoker' uiAccess='false'" /DEBUG /PDB:"D:\ZXYproject\MFC1-3.24\Debug\MFC1-3.24.pdb" /SUBSYSTEM:WINDOWS /TLBID:1 /ENTRY:"wWinMainCRTStartup" /DYNAMICBASE /NXCOMPAT /IMPLIB:"D:\ZXYproject\MFC1-3.24\Debug\MFC1-3.24.lib" /MACHINE:X86 "Debug\MFC1-3.24.res"
         "Debug\MFC1-3.24.exe.embed.manifest.res"
         Debug\MainFrm.obj
         "Debug\MFC1-3.24.obj"
         "Debug\MFC1-3.24Doc.obj"
         "Debug\MFC1-3.24View.obj"
         Debug\stdafx.obj
       Manifest:
         c:\Program Files (x86)\Microsoft SDKs\Windows\v7.0A\bin\mt.exe /nologo /verbose /out:"Debug\MFC1-3.24.exe.embed.manifest" /manifest "Debug\MFC1-3.24.exe.intermediate.manifest" "c:\Program Files (x86)\Microsoft Visual Studio 10.0\VC\Include\Manifest\dpiaware.manifest"
         c:\Program Files (x86)\Microsoft SDKs\Windows\v7.0A\bin\rc.exe /nologo /fo"Debug\MFC1-3.24.exe.embed.manifest.res" Debug\MFC1-3.24_manifest.rc 
       LinkEmbedManifest:
         c:\Program Files (x86)\Microsoft Visual Studio 10.0\VC\bin\link.exe /ERRORREPORT:PROMPT /OUT:"D:\ZXYproject\MFC1-3.24\Debug\MFC1-3.24.exe" /INCREMENTAL /NOLOGO /MANIFEST /ManifestFile:"Debug\MFC1-3.24.exe.intermediate.manifest" /MANIFESTUAC:"level='asInvoker' uiAccess='false'" /DEBUG /PDB:"D:\ZXYproject\MFC1-3.24\Debug\MFC1-3.24.pdb" /SUBSYSTEM:WINDOWS /TLBID:1 /ENTRY:"wWinMainCRTStartup" /DYNAMICBASE /NXCOMPAT /IMPLIB:"D:\ZXYproject\MFC1-3.24\Debug\MFC1-3.24.lib" /MACHINE:X86 "Debug\MFC1-3.24.res"
         "Debug\MFC1-3.24.exe.embed.manifest.res"
         Debug\MainFrm.obj
         "Debug\MFC1-3.24.obj"
         "Debug\MFC1-3.24Doc.obj"
         "Debug\MFC1-3.24View.obj"
         Debug\stdafx.obj
         MFC1-3.24.vcxproj -> D:\ZXYproject\MFC1-3.24\Debug\MFC1-3.24.exe
       FinalizeBuildStatus:
         正在删除文件“Debug\MFC1-3.24.unsuccessfulbuild”。
         正在对“Debug\MFC1-3.24.lastbuildstate”执行 Touch 任务。
     1>已完成生成项目“D:\ZXYproject\MFC1-3.24\MFC1-3.24\MFC1-3.24.vcxproj”(build 个目标)的操作。

生成成功。

已用时间 00:00:07.97
