生成启动时间为 2020/5/04/星期一 23:21:27。
     1>项目“D:\ZXYproject\MFC3.24（3）\MFC3.24（3）\MFC3.24（3）.vcxproj”在节点 2 上(build 个目标)。
     1>InitializeBuildStatus:
         正在创建“Debug\MFC3.24（3）.unsuccessfulbuild”，因为已指定“AlwaysCreate”。
       ClCompile:
         所有输出均为最新。
         c:\Program Files (x86)\Microsoft Visual Studio 10.0\VC\bin\CL.exe /c /ZI /nologo /W3 /WX- /Od /Oy- /D WIN32 /D _WINDOWS /D _DEBUG /D _UNICODE /D UNICODE /D _AFXDLL /Gm /EHsc /RTC1 /MDd /GS /fp:precise /Zc:wchar_t /Zc:forScope /Yu"StdAfx.h" /Fp"Debug\MFC3.24（3）.pch" /Fo"Debug\\" /Fd"Debug\vc100.pdb" /Gd /TP /analyze- /errorReport:prompt "MFC3.24（3）.cpp"
         正在跳过...(未检测到相关更改)
         MFC3.24（3）.cpp
       ResourceCompile:
         所有输出均为最新。
       ManifestResourceCompile:
         所有输出均为最新。
       Link:
         c:\Program Files (x86)\Microsoft Visual Studio 10.0\VC\bin\link.exe /ERRORREPORT:PROMPT /OUT:"D:\ZXYproject\MFC3.24（3）\Debug\MFC3.24（3）.exe" /INCREMENTAL /NOLOGO /MANIFEST /ManifestFile:"Debug\MFC3.24（3）.exe.intermediate.manifest" /MANIFESTUAC:"level='asInvoker' uiAccess='false'" /DEBUG /PDB:"D:\ZXYproject\MFC3.24（3）\Debug\MFC3.24（3）.pdb" /SUBSYSTEM:WINDOWS /TLBID:1 /ENTRY:"wWinMainCRTStartup" /DYNAMICBASE /NXCOMPAT /IMPLIB:"D:\ZXYproject\MFC3.24（3）\Debug\MFC3.24（3）.lib" /MACHINE:X86 "Debug\MFC3.24（3）.res"
         "Debug\MFC3.24（3）.exe.embed.manifest.res"
         Debug\MainFrm.obj
         "Debug\MFC3.24（3）.obj"
         "Debug\MFC3.24（3）Doc.obj"
         "Debug\MFC3.24（3）View.obj"
         Debug\stdafx.obj
       Manifest:
         c:\Program Files (x86)\Microsoft SDKs\Windows\v7.0A\bin\mt.exe /nologo /verbose /out:"Debug\MFC3.24（3）.exe.embed.manifest" /manifest "Debug\MFC3.24（3）.exe.intermediate.manifest" "c:\Program Files (x86)\Microsoft Visual Studio 10.0\VC\Include\Manifest\dpiaware.manifest"
         所有输出均为最新。
       LinkEmbedManifest:
         所有输出均为最新。
         MFC3.24（3）.vcxproj -> D:\ZXYproject\MFC3.24（3）\Debug\MFC3.24（3）.exe
       FinalizeBuildStatus:
         正在删除文件“Debug\MFC3.24（3）.unsuccessfulbuild”。
         正在对“Debug\MFC3.24（3）.lastbuildstate”执行 Touch 任务。
     1>已完成生成项目“D:\ZXYproject\MFC3.24（3）\MFC3.24（3）\MFC3.24（3）.vcxproj”(build 个目标)的操作。

生成成功。

已用时间 00:00:00.90
