生成启动时间为 2020/5/02/星期六 21:52:21。
     1>项目“D:\计算机图形学\MFC3.16\MFC3.16\MFC3.16.vcxproj”在节点 2 上(build 个目标)。
     1>InitializeBuildStatus:
         正在创建“Debug\MFC3.16.unsuccessfulbuild”，因为已指定“AlwaysCreate”。
       ClCompile:
         c:\Program Files (x86)\Microsoft Visual Studio 10.0\VC\bin\CL.exe /c /ZI /nologo /W3 /WX- /Od /Oy- /D WIN32 /D _WINDOWS /D _DEBUG /D _UNICODE /D UNICODE /D _AFXDLL /Gm /EHsc /RTC1 /MDd /GS /fp:precise /Zc:wchar_t /Zc:forScope /Yc"StdAfx.h" /Fp"Debug\MFC3.16.pch" /Fo"Debug\\" /Fd"Debug\vc100.pdb" /Gd /TP /analyze- /errorReport:prompt stdafx.cpp
         stdafx.cpp
         c:\Program Files (x86)\Microsoft Visual Studio 10.0\VC\bin\CL.exe /c /ZI /nologo /W3 /WX- /Od /Oy- /D WIN32 /D _WINDOWS /D _DEBUG /D _UNICODE /D UNICODE /D _AFXDLL /Gm /EHsc /RTC1 /MDd /GS /fp:precise /Zc:wchar_t /Zc:forScope /Yu"StdAfx.h" /Fp"Debug\MFC3.16.pch" /Fo"Debug\\" /Fd"Debug\vc100.pdb" /Gd /TP /analyze- /errorReport:prompt MainFrm.cpp MFC3.16.cpp MFC3.16Doc.cpp MFC3.16View.cpp
         MFC3.16View.cpp
         MFC3.16Doc.cpp
         MFC3.16.cpp
         MainFrm.cpp
         正在生成代码...
       ResourceCompile:
         c:\Program Files (x86)\Microsoft SDKs\Windows\v7.0A\bin\rc.exe /D _DEBUG /D _UNICODE /D UNICODE /D _AFXDLL /l"0x0804" /IDebug\ /nologo /fo"Debug\MFC3.16.res" MFC3.16.rc 
       ManifestResourceCompile:
         c:\Program Files (x86)\Microsoft SDKs\Windows\v7.0A\bin\rc.exe /nologo /fo"Debug\MFC3.16.exe.embed.manifest.res" Debug\MFC3.16_manifest.rc 
       Link:
         c:\Program Files (x86)\Microsoft Visual Studio 10.0\VC\bin\link.exe /ERRORREPORT:PROMPT /OUT:"D:\计算机图形学\MFC3.16\Debug\MFC3.16.exe" /INCREMENTAL /NOLOGO /MANIFEST /ManifestFile:"Debug\MFC3.16.exe.intermediate.manifest" /MANIFESTUAC:"level='asInvoker' uiAccess='false'" /DEBUG /PDB:"D:\计算机图形学\MFC3.16\Debug\MFC3.16.pdb" /SUBSYSTEM:WINDOWS /TLBID:1 /ENTRY:"wWinMainCRTStartup" /DYNAMICBASE /NXCOMPAT /IMPLIB:"D:\计算机图形学\MFC3.16\Debug\MFC3.16.lib" /MACHINE:X86 Debug\MFC3.16.res
         Debug\MFC3.16.exe.embed.manifest.res
         Debug\MainFrm.obj
         Debug\MFC3.16.obj
         Debug\MFC3.16Doc.obj
         Debug\MFC3.16View.obj
         Debug\stdafx.obj
       Manifest:
         c:\Program Files (x86)\Microsoft SDKs\Windows\v7.0A\bin\mt.exe /nologo /verbose /out:"Debug\MFC3.16.exe.embed.manifest" /manifest Debug\MFC3.16.exe.intermediate.manifest "c:\Program Files (x86)\Microsoft Visual Studio 10.0\VC\Include\Manifest\dpiaware.manifest"
         c:\Program Files (x86)\Microsoft SDKs\Windows\v7.0A\bin\rc.exe /nologo /fo"Debug\MFC3.16.exe.embed.manifest.res" Debug\MFC3.16_manifest.rc 
       LinkEmbedManifest:
         c:\Program Files (x86)\Microsoft Visual Studio 10.0\VC\bin\link.exe /ERRORREPORT:PROMPT /OUT:"D:\计算机图形学\MFC3.16\Debug\MFC3.16.exe" /INCREMENTAL /NOLOGO /MANIFEST /ManifestFile:"Debug\MFC3.16.exe.intermediate.manifest" /MANIFESTUAC:"level='asInvoker' uiAccess='false'" /DEBUG /PDB:"D:\计算机图形学\MFC3.16\Debug\MFC3.16.pdb" /SUBSYSTEM:WINDOWS /TLBID:1 /ENTRY:"wWinMainCRTStartup" /DYNAMICBASE /NXCOMPAT /IMPLIB:"D:\计算机图形学\MFC3.16\Debug\MFC3.16.lib" /MACHINE:X86 Debug\MFC3.16.res
         Debug\MFC3.16.exe.embed.manifest.res
         Debug\MainFrm.obj
         Debug\MFC3.16.obj
         Debug\MFC3.16Doc.obj
         Debug\MFC3.16View.obj
         Debug\stdafx.obj
         MFC3.16.vcxproj -> D:\计算机图形学\MFC3.16\Debug\MFC3.16.exe
       FinalizeBuildStatus:
         正在删除文件“Debug\MFC3.16.unsuccessfulbuild”。
         正在对“Debug\MFC3.16.lastbuildstate”执行 Touch 任务。
     1>已完成生成项目“D:\计算机图形学\MFC3.16\MFC3.16\MFC3.16.vcxproj”(build 个目标)的操作。

生成成功。

已用时间 00:00:08.23
