生成启动时间为 2020/3/17/星期二 15:28:15。
     1>项目“D:\visual 实验\Exp4-3.3(1)\Exp4\Exp4.vcxproj”在节点 2 上(build 个目标)。
     1>InitializeBuildStatus:
         正在创建“Debug\Exp4.unsuccessfulbuild”，因为已指定“AlwaysCreate”。
       ClCompile:
         所有输出均为最新。
         所有输出均为最新。
       ResourceCompile:
         所有输出均为最新。
       ManifestResourceCompile:
         所有输出均为最新。
       Link:
         所有输出均为最新。
       Manifest:
         c:\Program Files (x86)\Microsoft SDKs\Windows\v7.0A\bin\mt.exe /nologo /verbose /out:"Debug\Exp4.exe.embed.manifest" /manifest Debug\Exp4.exe.intermediate.manifest "c:\Program Files (x86)\Microsoft Visual Studio 10.0\VC\Include\Manifest\dpiaware.manifest"
         所有输出均为最新。
       FinalizeBuildStatus:
         正在删除文件“Debug\Exp4.unsuccessfulbuild”。
         正在对“Debug\Exp4.lastbuildstate”执行 Touch 任务。
     1>已完成生成项目“D:\visual 实验\Exp4-3.3(1)\Exp4\Exp4.vcxproj”(build 个目标)的操作。

生成成功。

已用时间 00:00:00.27
