生成启动时间为 2020/4/20/星期一 15:55:39。
     1>项目“D:\ZXYproject\MFC3.02（2）a\MFC3.02（2）a\MFC3.02（2）a.vcxproj”在节点 2 上(build 个目标)。
     1>InitializeBuildStatus:
         正在对“Debug\MFC3.02（2）a.unsuccessfulbuild”执行 Touch 任务。
       ClCompile:
         所有输出均为最新。
         所有输出均为最新。
       ResourceCompile:
         c:\Program Files (x86)\Microsoft SDKs\Windows\v7.0A\bin\rc.exe /D _DEBUG /D _UNICODE /D UNICODE /D _AFXDLL /l"0x0804" /IDebug\ /nologo /fo"Debug\MFC3.02（2）a.res" "MFC3.02（2）a.rc" 
       ManifestResourceCompile:
         c:\Program Files (x86)\Microsoft SDKs\Windows\v7.0A\bin\rc.exe /nologo /fo"Debug\MFC3.02（2）a.exe.embed.manifest.res" "Debug\MFC3.02（2）a_manifest.rc" 
       Link:
         c:\Program Files (x86)\Microsoft Visual Studio 10.0\VC\bin\link.exe /ERRORREPORT:PROMPT /OUT:"D:\ZXYproject\MFC3.02（2）a\Debug\MFC3.02（2）a.exe" /INCREMENTAL /NOLOGO /MANIFEST /ManifestFile:"Debug\MFC3.02（2）a.exe.intermediate.manifest" /MANIFESTUAC:"level='asInvoker' uiAccess='false'" /DEBUG /PDB:"D:\ZXYproject\MFC3.02（2）a\Debug\MFC3.02（2）a.pdb" /SUBSYSTEM:WINDOWS /TLBID:1 /ENTRY:"wWinMainCRTStartup" /DYNAMICBASE /NXCOMPAT /IMPLIB:"D:\ZXYproject\MFC3.02（2）a\Debug\MFC3.02（2）a.lib" /MACHINE:X86 "Debug\MFC3.02（2）a.res"
         "Debug\MFC3.02（2）a.exe.embed.manifest.res"
         Debug\MainFrm.obj
         "Debug\MFC3.02（2）a.obj"
         "Debug\MFC3.02（2）aDoc.obj"
         "Debug\MFC3.02（2）aView.obj"
         Debug\stdafx.obj
       Manifest:
         c:\Program Files (x86)\Microsoft SDKs\Windows\v7.0A\bin\mt.exe /nologo /verbose /out:"Debug\MFC3.02（2）a.exe.embed.manifest" /manifest "Debug\MFC3.02（2）a.exe.intermediate.manifest" "c:\Program Files (x86)\Microsoft Visual Studio 10.0\VC\Include\Manifest\dpiaware.manifest"
         c:\Program Files (x86)\Microsoft SDKs\Windows\v7.0A\bin\rc.exe /nologo /fo"Debug\MFC3.02（2）a.exe.embed.manifest.res" "Debug\MFC3.02（2）a_manifest.rc" 
       LinkEmbedManifest:
         c:\Program Files (x86)\Microsoft Visual Studio 10.0\VC\bin\link.exe /ERRORREPORT:PROMPT /OUT:"D:\ZXYproject\MFC3.02（2）a\Debug\MFC3.02（2）a.exe" /INCREMENTAL /NOLOGO /MANIFEST /ManifestFile:"Debug\MFC3.02（2）a.exe.intermediate.manifest" /MANIFESTUAC:"level='asInvoker' uiAccess='false'" /DEBUG /PDB:"D:\ZXYproject\MFC3.02（2）a\Debug\MFC3.02（2）a.pdb" /SUBSYSTEM:WINDOWS /TLBID:1 /ENTRY:"wWinMainCRTStartup" /DYNAMICBASE /NXCOMPAT /IMPLIB:"D:\ZXYproject\MFC3.02（2）a\Debug\MFC3.02（2）a.lib" /MACHINE:X86 "Debug\MFC3.02（2）a.res"
         "Debug\MFC3.02（2）a.exe.embed.manifest.res"
         Debug\MainFrm.obj
         "Debug\MFC3.02（2）a.obj"
         "Debug\MFC3.02（2）aDoc.obj"
         "Debug\MFC3.02（2）aView.obj"
         Debug\stdafx.obj
         MFC3.02（2）a.vcxproj -> D:\ZXYproject\MFC3.02（2）a\Debug\MFC3.02（2）a.exe
       FinalizeBuildStatus:
         正在删除文件“Debug\MFC3.02（2）a.unsuccessfulbuild”。
         正在对“Debug\MFC3.02（2）a.lastbuildstate”执行 Touch 任务。
     1>已完成生成项目“D:\ZXYproject\MFC3.02（2）a\MFC3.02（2）a\MFC3.02（2）a.vcxproj”(build 个目标)的操作。

生成成功。

已用时间 00:00:01.37
